<?xml version="1.0" encoding="UTF-8"?>
<!-- Generated by org.testng.reporters.JUnitReportReporter -->
<testsuite hostname="nitish-Latitude-7490" failures="0" tests="2" name="testng.parallel.TestParallelClassOne" time="0.011" errors="0" timestamp="2023-06-23T09:54:09 IST" skipped="0">
  <testcase classname="testng.parallel.TestParallelClassOne" name="testCaseTwo" time="0.002"/>
  <testcase classname="testng.parallel.TestParallelClassOne" name="testCaseOne" time="0.009"/>
</testsuite> <!-- testng.parallel.TestParallelClassOne -->
