<?xml version="1.0" encoding="UTF-8"?>
<!-- Generated by org.testng.reporters.JUnitReportReporter -->
<testsuite hostname="nitish-Latitude-7490" failures="0" tests="2" name="Practise.TestAnnotations" time="0.010" errors="0" timestamp="2023-06-26T12:10:04 IST" skipped="0">
  <testcase classname="Practise.TestAnnotations" name="Test2" time="0.004"/>
  <testcase classname="Practise.TestAnnotations" name="Test1" time="0.006"/>
</testsuite> <!-- Practise.TestAnnotations -->
