<?xml version="1.0" encoding="UTF-8"?>
<!-- Generated by org.testng.reporters.JUnitReportReporter -->
<testsuite hostname="nitish-Latitude-7490" failures="0" tests="3" name="testng.parallel.ParallelTestMethods" time="18.903" errors="0" timestamp="2023-06-23T10:06:59 IST" skipped="0">
  <testcase classname="testng.parallel.ParallelTestMethods" name="executeSessionTwo" time="6.341"/>
  <testcase classname="testng.parallel.ParallelTestMethods" name="executSessionThree" time="6.177"/>
  <testcase classname="testng.parallel.ParallelTestMethods" name="executSessionOne" time="6.385"/>
</testsuite> <!-- testng.parallel.ParallelTestMethods -->
